Start testing: Sep 28 23:27 CEST
----------------------------------------------------------
Unable to find executable: DirAnalyzer
1/1 Testing: DirAnalyzer
1/1 Test: DirAnalyzer
Command: ""
Directory: /home/kociola/programming/cpp/DirAnalyzer/build/test
"DirAnalyzer" start time: 
Output:
----------------------------------------------------------
<end of output>
Test time =   0.00 sec
----------------------------------------------------------
Test Passed.
"DirAnalyzer" end time: Sep 28 23:27 CEST
"DirAnalyzer" time elapsed: 00:00:00
----------------------------------------------------------

End testing: Sep 28 23:27 CEST
