<?xml version="1.0" encoding="UTF-8"?>
<Site BuildName="Linux-c++"
	BuildStamp="20210928-2127-Experimental"
	Name="arch"
	Generator="ctest-3.21.3"
	CompilerName="/usr/bin/c++"
	CompilerVersion="11.1.0"
	OSName="Linux"
	Hostname="arch"
	OSRelease="5.14.6-arch1-1"
	OSVersion="#1 SMP PREEMPT Sat, 18 Sep 2021 16:19:35 +0000"
	OSPlatform="x86_64"
	Is64Bits="1"
	VendorString="GenuineIntel"
	VendorID="Intel Corporation"
	FamilyID="6"
	ModelID="60"
	ProcessorCacheSize="6144"
	NumberOfLogicalCPU="4"
	NumberOfPhysicalCPU="4"
	TotalVirtualMemory="2047"
	TotalPhysicalMemory="7896"
	LogicalProcessorsPerPhysical="1"
	ProcessorClockFrequency="3219.55"
	>
	<Testing>
		<StartDateTime>Sep 28 23:27 CEST</StartDateTime>
		<StartTestTime>1632864445</StartTestTime>
		<TestList>
			<Test>./test/DirAnalyzer</Test>
		</TestList>
		<Test Status="notrun">
			<Name>DirAnalyzer</Name>
			<Path>./test</Path>
			<FullName>./test/DirAnalyzer</FullName>
			<FullCommandLine></FullCommandLine>
			<Results>
				<NamedMeasurement type="numeric/double" name="Processors">
					<Value>1</Value>
				</NamedMeasurement>
				<NamedMeasurement type="text/string" name="Completion Status">
					<Value>Unable to find executable</Value>
				</NamedMeasurement>
				<NamedMeasurement type="text/string" name="Command Line">
					<Value></Value>
				</NamedMeasurement>
				<NamedMeasurement type="text/string" name="Environment">
					<Value></Value>
				</NamedMeasurement>
				<Measurement>
					<Value>Unable to find executable: DirAnalyzer</Value>
				</Measurement>
			</Results>
		</Test>
		<EndDateTime>Sep 28 23:27 CEST</EndDateTime>
		<EndTestTime>1632864445</EndTestTime>
		<ElapsedMinutes>0</ElapsedMinutes>
	</Testing>
</Site>
